<?xml version="1.0" encoding="windows-1252" standalone="no"?>
<!DOCTYPE log SYSTEM "logger.dtd">
<log>
<record>
  <date>2012-01-29T18:44:21</date>
  <millis>1327877061265</millis>
  <sequence>1</sequence>
  <logger>servidorfiscal.ControladorBixolon</logger>
  <level>SEVERE</level>
  <class>servidorfiscal.ControladorBixolon</class>
  <method>getS1</method>
  <thread>11</thread>
  <exception>
    <message>tfhka.PrinterExeption: Sin repuesta</message>
    <frame>
      <class>tfhka.Tfhka</class>
      <method>getS1PrinterData</method>
      <line>1465</line>
    </frame>
    <frame>
      <class>servidorfiscal.ControladorBixolon</class>
      <method>getS1</method>
      <line>430</line>
    </frame>
    <frame>
      <class>servidorfiscal.ProcesadorCliente</class>
      <method>s1</method>
      <line>634</line>
    </frame>
    <frame>
      <class>servidorfiscal.ProcesadorCliente</class>
      <method>endElement</method>
      <line>191</line>
    </frame>
    <frame>
      <class>com.sun.org.apache.xerces.internal.parsers.AbstractSAXParser</class>
      <method>endElement</method>
    </frame>
    <frame>
      <class>com.sun.org.apache.xerces.internal.parsers.AbstractXMLDocumentParser</class>
      <method>emptyElement</method>
    </frame>
    <frame>
      <class>com.sun.org.apache.xerces.internal.impl.XMLNSDocumentScannerImpl</class>
      <method>scanStartElement</method>
    </frame>
    <frame>
      <class>com.sun.org.apache.xerces.internal.impl.XMLDocumentFragmentScannerImpl$FragmentContentDriver</class>
      <method>next</method>
    </frame>
    <frame>
      <class>com.sun.org.apache.xerces.internal.impl.XMLDocumentScannerImpl</class>
      <method>next</method>
    </frame>
    <frame>
      <class>com.sun.org.apache.xerces.internal.impl.XMLNSDocumentScannerImpl</class>
      <method>next</method>
    </frame>
    <frame>
      <class>com.sun.org.apache.xerces.internal.impl.XMLDocumentFragmentScannerImpl</class>
      <method>scanDocument</method>
    </frame>
    <frame>
      <class>com.sun.org.apache.xerces.internal.parsers.XML11Configuration</class>
      <method>parse</method>
    </frame>
    <frame>
      <class>com.sun.org.apache.xerces.internal.parsers.XML11Configuration</class>
      <method>parse</method>
    </frame>
    <frame>
      <class>com.sun.org.apache.xerces.internal.parsers.XMLParser</class>
      <method>parse</method>
    </frame>
    <frame>
      <class>com.sun.org.apache.xerces.internal.parsers.AbstractSAXParser</class>
      <method>parse</method>
    </frame>
    <frame>
      <class>servidorfiscal.ProcesadorCliente</class>
      <method>run</method>
      <line>77</line>
    </frame>
    <frame>
      <class>java.lang.Thread</class>
      <method>run</method>
    </frame>
  </exception>
</record>
<record>
  <date>2012-01-29T18:44:21</date>
  <millis>1327877061265</millis>
  <sequence>2</sequence>
  <logger>servidorfiscal.ProcesadorCliente</logger>
  <level>SEVERE</level>
  <class>servidorfiscal.ProcesadorCliente</class>
  <method>s1</method>
  <thread>11</thread>
  <exception>
    <message>servidorfiscal.excepciones.ExcepcionFiscal: Error:Sin repuesta</message>
    <frame>
      <class>servidorfiscal.ControladorBixolon</class>
      <method>getS1</method>
      <line>433</line>
    </frame>
    <frame>
      <class>servidorfiscal.ProcesadorCliente</class>
      <method>s1</method>
      <line>634</line>
    </frame>
    <frame>
      <class>servidorfiscal.ProcesadorCliente</class>
      <method>endElement</method>
      <line>191</line>
    </frame>
    <frame>
      <class>com.sun.org.apache.xerces.internal.parsers.AbstractSAXParser</class>
      <method>endElement</method>
    </frame>
    <frame>
      <class>com.sun.org.apache.xerces.internal.parsers.AbstractXMLDocumentParser</class>
      <method>emptyElement</method>
    </frame>
    <frame>
      <class>com.sun.org.apache.xerces.internal.impl.XMLNSDocumentScannerImpl</class>
      <method>scanStartElement</method>
    </frame>
    <frame>
      <class>com.sun.org.apache.xerces.internal.impl.XMLDocumentFragmentScannerImpl$FragmentContentDriver</class>
      <method>next</method>
    </frame>
    <frame>
      <class>com.sun.org.apache.xerces.internal.impl.XMLDocumentScannerImpl</class>
      <method>next</method>
    </frame>
    <frame>
      <class>com.sun.org.apache.xerces.internal.impl.XMLNSDocumentScannerImpl</class>
      <method>next</method>
    </frame>
    <frame>
      <class>com.sun.org.apache.xerces.internal.impl.XMLDocumentFragmentScannerImpl</class>
      <method>scanDocument</method>
    </frame>
    <frame>
      <class>com.sun.org.apache.xerces.internal.parsers.XML11Configuration</class>
      <method>parse</method>
    </frame>
    <frame>
      <class>com.sun.org.apache.xerces.internal.parsers.XML11Configuration</class>
      <method>parse</method>
    </frame>
    <frame>
      <class>com.sun.org.apache.xerces.internal.parsers.XMLParser</class>
      <method>parse</method>
    </frame>
    <frame>
      <class>com.sun.org.apache.xerces.internal.parsers.AbstractSAXParser</class>
      <method>parse</method>
    </frame>
    <frame>
      <class>servidorfiscal.ProcesadorCliente</class>
      <method>run</method>
      <line>77</line>
    </frame>
    <frame>
      <class>java.lang.Thread</class>
      <method>run</method>
    </frame>
  </exception>
</record>
<record>
  <date>2012-01-29T18:44:21</date>
  <millis>1327877061328</millis>
  <sequence>3</sequence>
  <logger>servidorfiscal.ProcesadorCliente</logger>
  <level>SEVERE</level>
  <class>servidorfiscal.ProcesadorCliente</class>
  <method>run</method>
  <thread>11</thread>
  <exception>
    <message>org.xml.sax.SAXParseException: XML document structures must start and end within the same entity.</message>
    <frame>
      <class>com.sun.org.apache.xerces.internal.parsers.AbstractSAXParser</class>
      <method>parse</method>
    </frame>
    <frame>
      <class>servidorfiscal.ProcesadorCliente</class>
      <method>run</method>
      <line>77</line>
    </frame>
    <frame>
      <class>java.lang.Thread</class>
      <method>run</method>
    </frame>
  </exception>
</record>
</log>
